2025-08-30 20:19:31,594 [INFO] Activator:176 - 


2025-08-30 20:19:31,596 [INFO] Activator:177 - !SESSION log4j initialized
2025-08-30 20:19:34,252 [INFO] LogOutputStream:77 - [STDOUT_REDIRECT] 
2025-08-30 20:19:37,502 [INFO] ApplicationProperties:184 - Using Application install path: /opt/st/stm32cubeide_1.16.0/plugins/com.st.stm32cube.common.mx_6.12.0.202406281431
2025-08-30 20:19:37,522 [INFO] DbMcusXml:78 - Set database path to: /opt/st/stm32cubeide_1.16.0/plugins/com.st.stm32cube.common.mx_6.12.0.202406281431//db//mcu/
2025-08-30 20:19:37,523 [INFO] ApiDb:274 - Set plugin database path to: /opt/st/stm32cubeide_1.16.0/plugins/com.st.stm32cube.common.mx_6.12.0.202406281431//db//plugins/boardmanager/
2025-08-30 20:19:37,523 [WARN] ApiDb:259 - Overriding images path with different value:  => /opt/st/stm32cubeide_1.16.0/plugins/com.st.stm32cube.common.mx_6.12.0.202406281431//db//plugins/mcufinder/images/
2025-08-30 20:19:37,535 [INFO] ApiDb:250 - Set database path to: /home/kailas/.stmcufinder/plugins/mcufinder//mcu/
2025-08-30 20:19:37,536 [INFO] DbMcusAds:125 - Set database path to: /home/kailas/.stmcufinder/plugins/mcufinder//mcu/
2025-08-30 20:19:37,539 [INFO] CrossReferenceDbSqlite:203 - Set database path to: /home/kailas/.stmcufinder/plugins/mcufinder//mcu/cs/
2025-08-30 20:19:37,703 [INFO] RulesReader:64 - Compatibility file has been processed (297 Rules)
2025-08-30 20:19:37,890 [INFO] DbMcusXml:78 - Set database path to: /opt/st/stm32cubeide_1.16.0/plugins/com.st.stm32cube.common.mx_6.12.0.202406281431//db//mcu/
2025-08-30 20:19:37,890 [INFO] ApiDb:274 - Set plugin database path to: /opt/st/stm32cubeide_1.16.0/plugins/com.st.stm32cube.common.mx_6.12.0.202406281431//db//plugins/boardmanager/
2025-08-30 20:19:37,890 [INFO] ApiDb:261 - Set plugin images path to: /opt/st/stm32cubeide_1.16.0/plugins/com.st.stm32cube.common.mx_6.12.0.202406281431//db//plugins/mcufinder/images/
2025-08-30 20:19:37,890 [WARN] DbFile:41 - Overriding database path with different value: /home/kailas/.stmcufinder/plugins/mcufinder/ => /home/kailas/.stmcufinder/plugins/mcufinder
2025-08-30 20:19:37,891 [INFO] ApiDb:250 - Set database path to: /home/kailas/.stmcufinder/plugins/mcufinder//mcu/
2025-08-30 20:19:37,891 [WARN] DbFile:41 - Overriding database path with different value: /home/kailas/.stmcufinder/plugins/mcufinder/ => /home/kailas/.stmcufinder/plugins/mcufinder
2025-08-30 20:19:37,891 [INFO] DbMcusAds:125 - Set database path to: /home/kailas/.stmcufinder/plugins/mcufinder//mcu/
2025-08-30 20:19:37,891 [WARN] DbFile:41 - Overriding database path with different value: /home/kailas/.stmcufinder/plugins/mcufinder/ => /home/kailas/.stmcufinder/plugins/mcufinder
2025-08-30 20:19:37,891 [WARN] DbFile:41 - Overriding database path with different value: /home/kailas/.stmcufinder/plugins/mcufinder/ => /home/kailas/.stmcufinder/plugins/mcufinder
2025-08-30 20:19:37,892 [INFO] CrossReferenceDbSqlite:203 - Set database path to: /home/kailas/.stmcufinder/plugins/mcufinder//mcu/cs/
2025-08-30 20:19:38,035 [INFO] MainPanel:268 - HeapMemory: 268435456
2025-08-30 20:19:38,488 [INFO] DbMcusXml:78 - Set database path to: /opt/st/stm32cubeide_1.16.0/plugins/com.st.stm32cube.common.mx_6.12.0.202406281431//db//mcu/
2025-08-30 20:19:38,488 [INFO] ApiDb:274 - Set plugin database path to: /opt/st/stm32cubeide_1.16.0/plugins/com.st.stm32cube.common.mx_6.12.0.202406281431//db//plugins/boardmanager/
2025-08-30 20:19:38,488 [INFO] ApiDb:261 - Set plugin images path to: /opt/st/stm32cubeide_1.16.0/plugins/com.st.stm32cube.common.mx_6.12.0.202406281431//db//plugins/mcufinder/images/
2025-08-30 20:19:38,489 [WARN] DbFile:41 - Overriding database path with different value: /home/kailas/.stmcufinder/plugins/mcufinder/ => /home/kailas/.stmcufinder/plugins/mcufinder
2025-08-30 20:19:38,489 [INFO] ApiDb:250 - Set database path to: /home/kailas/.stmcufinder/plugins/mcufinder//mcu/
2025-08-30 20:19:38,489 [WARN] DbFile:41 - Overriding database path with different value: /home/kailas/.stmcufinder/plugins/mcufinder/ => /home/kailas/.stmcufinder/plugins/mcufinder
2025-08-30 20:19:38,489 [INFO] DbMcusAds:125 - Set database path to: /home/kailas/.stmcufinder/plugins/mcufinder//mcu/
2025-08-30 20:19:38,489 [WARN] DbFile:41 - Overriding database path with different value: /home/kailas/.stmcufinder/plugins/mcufinder/ => /home/kailas/.stmcufinder/plugins/mcufinder
2025-08-30 20:19:38,489 [WARN] DbFile:41 - Overriding database path with different value: /home/kailas/.stmcufinder/plugins/mcufinder/ => /home/kailas/.stmcufinder/plugins/mcufinder
2025-08-30 20:19:38,489 [INFO] CrossReferenceDbSqlite:203 - Set database path to: /home/kailas/.stmcufinder/plugins/mcufinder//mcu/cs/
2025-08-30 20:19:38,506 [INFO] ApplicationProperties:184 - Using Application install path: /opt/st/stm32cubeide_1.16.0/plugins/com.st.stm32cube.common.mx_6.12.0.202406281431
2025-08-30 20:19:38,508 [INFO] PluginManage:196 - Search for loadable plugins [exclusion list=, ]
2025-08-30 20:19:38,509 [INFO] PluginManage:310 - Check plugin analytics
2025-08-30 20:19:38,834 [INFO] AnalyticsPlugin:253 - Accepted Software Licenses: 
2025-08-30 20:19:38,835 [INFO] AnalyticsPlugin:255 - Accepted CMSIS Pack Licenses: 
2025-08-30 20:19:38,835 [INFO] AnalyticsPlugin:257 - Accepted Firmware Licenses: FW.F4.1.28.0
2025-08-30 20:19:38,838 [INFO] PluginManage:359 - Loaded plugin analytics (category:tool,tabindex:-1)
2025-08-30 20:19:38,840 [INFO] PluginManage:310 - Check plugin cadmodel
2025-08-30 20:19:38,940 [INFO] CADModel:105 - Init CAD model plugin
2025-08-30 20:19:38,941 [INFO] PluginManage:359 - Loaded plugin cadmodel (category:power,tabindex:5)
2025-08-30 20:19:38,941 [INFO] PluginManage:310 - Check plugin clock
2025-08-30 20:19:38,955 [INFO] PluginManage:359 - Loaded plugin clock (category:base,tabindex:2)
2025-08-30 20:19:38,955 [INFO] PluginManage:310 - Check plugin ddr
2025-08-30 20:19:38,959 [INFO] PluginManage:359 - Loaded plugin ddr (category:tool,tabindex:6)
2025-08-30 20:19:38,960 [INFO] PluginManage:310 - Check plugin filemanager
2025-08-30 20:19:39,504 [INFO] PluginManage:359 - Loaded plugin filemanager (category:base,tabindex:10)
2025-08-30 20:19:39,504 [INFO] PluginManage:310 - Check plugin ipmanager
2025-08-30 20:19:39,521 [INFO] PluginManage:359 - Loaded plugin ipmanager (category:base,tabindex:5)
2025-08-30 20:19:39,521 [INFO] PluginManage:310 - Check plugin lpbam
2025-08-30 20:19:39,540 [INFO] PluginManage:359 - Loaded plugin lpbam (category:base,tabindex:0)
2025-08-30 20:19:39,540 [INFO] PluginManage:310 - Check plugin memorymap
2025-08-30 20:19:39,578 [INFO] PluginManage:359 - Loaded plugin memorymap (category:base,tabindex:4)
2025-08-30 20:19:39,579 [INFO] PluginManage:310 - Check plugin pinoutandconfiguration
2025-08-30 20:19:39,590 [INFO] PluginManage:359 - Loaded plugin pinoutandconfiguration (category:base,tabindex:1)
2025-08-30 20:19:39,590 [INFO] PluginManage:310 - Check plugin pinoutconfig
2025-08-30 20:19:39,767 [WARN] SupportedApi:132 - Cannot load RTOS API schema: s4s-elt-must-match.1: The content of 'definitions' must match (annotation?, (simpleType | complexType)?, (unique | key | keyref)*)). A problem was found starting at: attribute.
2025-08-30 20:19:40,054 [INFO] PluginManage:359 - Loaded plugin pinoutconfig (category:base,tabindex:0)
2025-08-30 20:19:40,054 [INFO] PluginManage:310 - Check plugin power
2025-08-30 20:19:40,079 [INFO] PluginManage:359 - Loaded plugin power (category:power,tabindex:4)
2025-08-30 20:19:40,079 [INFO] PluginManage:310 - Check plugin projectmanager
2025-08-30 20:19:40,094 [INFO] PluginManage:359 - Loaded plugin projectmanager (category:projectmanager,tabindex:4)
2025-08-30 20:19:40,094 [INFO] PluginManage:310 - Check plugin rif
2025-08-30 20:19:40,200 [INFO] PluginManage:359 - Loaded plugin rif (category:base,tabindex:3)
2025-08-30 20:19:40,200 [INFO] PluginManage:310 - Check plugin thirdparty
2025-08-30 20:19:40,562 [INFO] PluginManage:359 - Loaded plugin thirdparty (category:base,tabindex:-1)
2025-08-30 20:19:40,562 [WARN] IntegrityCheckThread:84 - waiting for thirdparty lock release [integrity check]
2025-08-30 20:19:40,562 [INFO] IntegrityCheckThread:86 - entering critical section [integrity check]
2025-08-30 20:19:40,563 [INFO] PluginManage:310 - Check plugin tools
2025-08-30 20:19:40,563 [INFO] ThirdPartyUpdaterWithRetryManager:70 - Updater plugin not ready yet. [1/15]
2025-08-30 20:19:40,566 [INFO] PluginManage:359 - Loaded plugin tools (category:base,tabindex:7)
2025-08-30 20:19:40,566 [INFO] PluginManage:310 - Check plugin tutovideos
2025-08-30 20:19:40,986 [INFO] PluginManage:359 - Loaded plugin tutovideos (category:base,tabindex:-1)
2025-08-30 20:19:40,986 [INFO] PluginManage:310 - Check plugin updater
2025-08-30 20:19:41,172 [INFO] PluginManage:359 - Loaded plugin updater (category:base,tabindex:12)
2025-08-30 20:19:41,172 [INFO] PluginManage:310 - Check plugin userauth
2025-08-30 20:19:41,183 [INFO] UserAuth:113 - Init User Auth plugin
2025-08-30 20:19:41,183 [INFO] PluginManage:359 - Loaded plugin userauth (category:base,tabindex:14)
2025-08-30 20:19:41,184 [INFO] PluginManage:283 - PluginManage : Loaded plugins [18]
2025-08-30 20:19:41,807 [INFO] PinOutPanel:1561 - setPackage(No Configuration,No Configuration)
2025-08-30 20:19:41,968 [INFO] CADModel:165 - CPN selected for project level
2025-08-30 20:19:41,968 [INFO] CADModel:114 - Register for checkConnection events
2025-08-30 20:19:41,980 [INFO] IPUIPlugin:80 - create IPUIPlugin
2025-08-30 20:19:41,980 [INFO] PluginManager:220 - loadIPPluginJar : add ltdc
2025-08-30 20:19:41,986 [INFO] IPUIPlugin:80 - create IPUIPlugin
2025-08-30 20:19:41,987 [INFO] PluginManager:220 - loadIPPluginJar : add ipddr
2025-08-30 20:19:41,989 [INFO] IPUIPlugin:80 - create IPUIPlugin
2025-08-30 20:19:41,990 [INFO] PluginManager:220 - loadIPPluginJar : add cryp
2025-08-30 20:19:41,993 [INFO] IPUIPlugin:80 - create IPUIPlugin
2025-08-30 20:19:41,993 [INFO] PluginManager:220 - loadIPPluginJar : add sai
2025-08-30 20:19:41,995 [INFO] IPUIPlugin:80 - create IPUIPlugin
2025-08-30 20:19:41,996 [INFO] PluginManager:220 - loadIPPluginJar : add radio
2025-08-30 20:19:41,999 [INFO] IPUIPlugin:80 - create IPUIPlugin
2025-08-30 20:19:41,999 [INFO] PluginManager:220 - loadIPPluginJar : add touchsensing
2025-08-30 20:19:42,003 [INFO] IPUIPlugin:80 - create IPUIPlugin
2025-08-30 20:19:42,003 [INFO] PluginManager:220 - loadIPPluginJar : add ddr_ctrl_phy
2025-08-30 20:19:42,005 [INFO] IPUIPlugin:80 - create IPUIPlugin
2025-08-30 20:19:42,006 [INFO] PluginManager:220 - loadIPPluginJar : add ts
2025-08-30 20:19:42,013 [INFO] IPUIPlugin:80 - create IPUIPlugin
2025-08-30 20:19:42,013 [INFO] PluginManager:220 - loadIPPluginJar : add resmgrutility
2025-08-30 20:19:42,016 [INFO] IPUIPlugin:80 - create IPUIPlugin
2025-08-30 20:19:42,016 [INFO] PluginManager:220 - loadIPPluginJar : add gfxmmu
2025-08-30 20:19:42,018 [INFO] IPUIPlugin:80 - create IPUIPlugin
2025-08-30 20:19:42,018 [INFO] PluginManager:220 - loadIPPluginJar : add tracer_emb
2025-08-30 20:19:42,024 [INFO] IPUIPlugin:80 - create IPUIPlugin
2025-08-30 20:19:42,024 [INFO] PluginManager:220 - loadIPPluginJar : add adc
2025-08-30 20:19:42,027 [INFO] IPUIPlugin:80 - create IPUIPlugin
2025-08-30 20:19:42,027 [INFO] PluginManager:220 - loadIPPluginJar : add hash
2025-08-30 20:19:42,031 [INFO] IPUIPlugin:80 - create IPUIPlugin
2025-08-30 20:19:42,031 [INFO] PluginManager:220 - loadIPPluginJar : add fmc
2025-08-30 20:19:42,033 [INFO] IPUIPlugin:80 - create IPUIPlugin
2025-08-30 20:19:42,033 [INFO] PluginManager:220 - loadIPPluginJar : add fatfs
2025-08-30 20:19:42,036 [INFO] IPUIPlugin:80 - create IPUIPlugin
2025-08-30 20:19:42,036 [INFO] PluginManager:220 - loadIPPluginJar : add i3c
2025-08-30 20:19:42,041 [INFO] IPUIPlugin:80 - create IPUIPlugin
2025-08-30 20:19:42,042 [INFO] PluginManager:220 - loadIPPluginJar : add gic
2025-08-30 20:19:42,043 [INFO] IPUIPlugin:80 - create IPUIPlugin
2025-08-30 20:19:42,043 [INFO] PluginManager:220 - loadIPPluginJar : add genericplugin
2025-08-30 20:19:42,045 [INFO] IPUIPlugin:80 - create IPUIPlugin
2025-08-30 20:19:42,046 [INFO] PluginManager:220 - loadIPPluginJar : add aes
2025-08-30 20:19:42,050 [INFO] IPUIPlugin:80 - create IPUIPlugin
2025-08-30 20:19:42,051 [INFO] PluginManager:220 - loadIPPluginJar : add nvic
2025-08-30 20:19:42,056 [INFO] IPUIPlugin:80 - create IPUIPlugin
2025-08-30 20:19:42,056 [INFO] PluginManager:220 - loadIPPluginJar : add gpio
2025-08-30 20:19:42,062 [INFO] IPUIPlugin:80 - create IPUIPlugin
2025-08-30 20:19:42,063 [INFO] PluginManager:220 - loadIPPluginJar : add dma
2025-08-30 20:19:42,064 [INFO] IPUIPlugin:80 - create IPUIPlugin
2025-08-30 20:19:42,065 [INFO] PluginManager:220 - loadIPPluginJar : add tim
2025-08-30 20:19:42,067 [INFO] IPUIPlugin:80 - create IPUIPlugin
2025-08-30 20:19:42,067 [INFO] PluginManager:220 - loadIPPluginJar : add i2s
2025-08-30 20:19:42,070 [INFO] IPUIPlugin:80 - create IPUIPlugin
2025-08-30 20:19:42,071 [INFO] PluginManager:220 - loadIPPluginJar : add extmemmanager
2025-08-30 20:19:42,073 [INFO] IPUIPlugin:80 - create IPUIPlugin
2025-08-30 20:19:42,074 [INFO] PluginManager:220 - loadIPPluginJar : add usart
2025-08-30 20:19:42,076 [INFO] IPUIPlugin:80 - create IPUIPlugin
2025-08-30 20:19:42,076 [INFO] PluginManager:220 - loadIPPluginJar : add lorawan
2025-08-30 20:19:42,080 [INFO] IPUIPlugin:80 - create IPUIPlugin
2025-08-30 20:19:42,080 [INFO] PluginManager:220 - loadIPPluginJar : add usbx
2025-08-30 20:19:42,082 [INFO] IPUIPlugin:80 - create IPUIPlugin
2025-08-30 20:19:42,082 [INFO] PluginManager:220 - loadIPPluginJar : add dfsdm
2025-08-30 20:19:42,085 [INFO] IPUIPlugin:80 - create IPUIPlugin
2025-08-30 20:19:42,085 [INFO] PluginManager:220 - loadIPPluginJar : add opamp
2025-08-30 20:19:42,088 [INFO] IPUIPlugin:80 - create IPUIPlugin
2025-08-30 20:19:42,088 [INFO] PluginManager:220 - loadIPPluginJar : add i2c
2025-08-30 20:19:42,090 [INFO] IPUIPlugin:80 - create IPUIPlugin
2025-08-30 20:19:42,090 [INFO] PluginManager:220 - loadIPPluginJar : add quadspi
2025-08-30 20:19:42,092 [INFO] IPUIPlugin:80 - create IPUIPlugin
2025-08-30 20:19:42,092 [INFO] PluginManager:220 - loadIPPluginJar : add ucpd
2025-08-30 20:19:42,095 [INFO] IPUIPlugin:80 - create IPUIPlugin
2025-08-30 20:19:42,095 [INFO] PluginManager:220 - loadIPPluginJar : add spi
2025-08-30 20:19:42,097 [INFO] IPUIPlugin:80 - create IPUIPlugin
2025-08-30 20:19:42,097 [INFO] PluginManager:220 - loadIPPluginJar : add tsc
2025-08-30 20:19:42,099 [INFO] IPUIPlugin:80 - create IPUIPlugin
2025-08-30 20:19:42,100 [INFO] PluginManager:220 - loadIPPluginJar : add dma3
2025-08-30 20:19:42,103 [INFO] IPUIPlugin:80 - create IPUIPlugin
2025-08-30 20:19:42,103 [INFO] PluginManager:220 - loadIPPluginJar : add openamp
2025-08-30 20:19:42,105 [INFO] IPUIPlugin:80 - create IPUIPlugin
2025-08-30 20:19:42,105 [INFO] PluginManager:220 - loadIPPluginJar : add comp
2025-08-30 20:19:42,114 [INFO] IPUIPlugin:80 - create IPUIPlugin
2025-08-30 20:19:42,114 [INFO] PluginManager:220 - loadIPPluginJar : add mdma
2025-08-30 20:19:42,118 [INFO] IPUIPlugin:80 - create IPUIPlugin
2025-08-30 20:19:42,118 [INFO] PluginManager:220 - loadIPPluginJar : add can
2025-08-30 20:19:42,125 [INFO] IPUIPlugin:80 - create IPUIPlugin
2025-08-30 20:19:42,125 [INFO] PluginManager:220 - loadIPPluginJar : add freertos
2025-08-30 20:19:42,128 [INFO] IPUIPlugin:80 - create IPUIPlugin
2025-08-30 20:19:42,128 [INFO] PluginManager:220 - loadIPPluginJar : add pdm2pcm
2025-08-30 20:19:42,142 [INFO] IPUIPlugin:80 - create IPUIPlugin
2025-08-30 20:19:42,142 [INFO] PluginManager:220 - loadIPPluginJar : add gtzc
2025-08-30 20:19:42,150 [INFO] IPUIPlugin:80 - create IPUIPlugin
2025-08-30 20:19:42,150 [INFO] PluginManager:220 - loadIPPluginJar : add stm32_wpan
2025-08-30 20:19:42,157 [INFO] IPUIPlugin:80 - create IPUIPlugin
2025-08-30 20:19:42,157 [INFO] PluginManager:220 - loadIPPluginJar : add linkedlist
2025-08-30 20:19:42,164 [INFO] IPUIPlugin:80 - create IPUIPlugin
2025-08-30 20:19:42,166 [INFO] PluginManager:220 - loadIPPluginJar : add plateformsettings
2025-08-30 20:19:42,270 [INFO] CADModel:165 - CPN selected for project level
2025-08-30 20:19:42,270 [INFO] CADModel:114 - Register for checkConnection events
2025-08-30 20:19:42,270 [FATAL] Updater:334 - Updater called before beeing initialized
2025-08-30 20:19:42,270 [ERROR] CADModel:125 - Updater not yet initialized, retry later 
2025-08-30 20:19:42,511 [INFO] CADModel:165 - CPN selected for project level
2025-08-30 20:19:42,511 [INFO] CADModel:114 - Register for checkConnection events
2025-08-30 20:19:42,511 [FATAL] Updater:334 - Updater called before beeing initialized
2025-08-30 20:19:42,511 [ERROR] CADModel:125 - Updater not yet initialized, retry later 
2025-08-30 20:19:42,514 [FATAL] Updater:334 - Updater called before beeing initialized
2025-08-30 20:19:42,719 [FATAL] Updater:334 - Updater called before beeing initialized
2025-08-30 20:19:42,723 [INFO] DbMcusAds:53 - JSON generation date=Tue Jul 08 13:44:23 IST 2025 (1751962463582)
2025-08-30 20:19:42,723 [FATAL] Updater:334 - Updater called before beeing initialized
2025-08-30 20:19:42,775 [WARN] DetailPanel:346 - Failed to get advertising image, set to default
2025-08-30 20:19:42,852 [FATAL] Updater:334 - Updater called before beeing initialized
2025-08-30 20:19:42,908 [FATAL] Updater:334 - Updater called before beeing initialized
2025-08-30 20:19:42,909 [FATAL] Updater:334 - Updater called before beeing initialized
2025-08-30 20:19:42,909 [WARN] DetailPanel:346 - Failed to get advertising image, set to default
2025-08-30 20:19:42,910 [FATAL] Updater:334 - Updater called before beeing initialized
2025-08-30 20:19:42,997 [ERROR] Updater:1164 - MainUpdater not yet initialized. External WinMGr cannot be set.
2025-08-30 20:19:43,000 [INFO] Updater:1100 - Updater Version found : 6.12.0
2025-08-30 20:19:43,021 [INFO] ApplicationProperties:184 - Using Application install path: /opt/st/stm32cubeide_1.16.0/plugins/com.st.stm32cube.common.mx_6.12.0.202406281431
2025-08-30 20:19:43,033 [ERROR] LogOutputStream:75 - [STDERR_REDIRECT] Aug 30, 2025 8:19:43 PM java.util.prefs.FileSystemPreferences$2 run
2025-08-30 20:19:43,034 [ERROR] LogOutputStream:75 - [STDERR_REDIRECT] WARNING: Could not create system preferences directory. System preferences are unusable.
2025-08-30 20:19:43,034 [ERROR] LogOutputStream:75 - [STDERR_REDIRECT] 
2025-08-30 20:19:43,563 [INFO] ThirdPartyUpdaterWithRetryManager:70 - Updater plugin not ready yet. [2/15]
2025-08-30 20:19:43,607 [INFO] MainUpdater:2873 - connection check result : 10
2025-08-30 20:19:43,609 [INFO] MainUpdater:290 - Updater Check For Update Now.
2025-08-30 20:19:43,609 [INFO] MicroXplorer:498 - Change Database Version : DB.6.0.120
2025-08-30 20:19:43,634 [INFO] McuFinderGlobals:63 - Set McuFinder mode to 2 (CubeIDE integrated)
2025-08-30 20:19:43,639 [INFO] UserAuth:417 - Internet connection configuration mode: 1
2025-08-30 20:19:43,677 [INFO] JxBrowserEngine:152 - Initiate JxBrowser Engine with user profile folder
2025-08-30 20:19:43,813 [INFO] CheckServerUpdateThread:120 - End of CheckServer Thread
2025-08-30 20:19:46,278 [INFO] WebApp:167 - Instantiating new browser for Auth
2025-08-30 20:19:46,856 [WARN] PackLoader:240 - Cannot read IP mode file for STMicroelectronics.FP-SNS-MOTENVWB1.1.4.0
2025-08-30 20:19:46,889 [WARN] PackLoader:240 - Cannot read IP mode file for STMicroelectronics.FP-ATR-ASTRA1.2.0.2
2025-08-30 20:19:46,919 [WARN] PackLoader:240 - Cannot read IP mode file for STMicroelectronics.X-CUBE-SMBUS.2.1.0
2025-08-30 20:19:46,930 [ERROR] Engine:466 - /home/kailas/.stm32cubemx/thirdparties/pdsc/STMicroelectronics.X-CUBE-ST60.1.0.0.pdsc: PDSC version is not supported
2025-08-30 20:19:47,021 [WARN] PackLoader:240 - Cannot read IP mode file for STMicroelectronics.X-CUBE-AZRTOS-F7.1.1.0
2025-08-30 20:19:47,098 [WARN] PackLoader:240 - Cannot read IP mode file for Infineon.AIROC-Wi-Fi-Bluetooth-STM32.1.7.1
2025-08-30 20:19:47,157 [WARN] PackLoader:240 - Cannot read IP mode file for STMicroelectronics.X-CUBE-AZRTOS-H7.3.4.0
2025-08-30 20:19:47,187 [WARN] PackLoader:240 - Cannot read IP mode file for STMicroelectronics.X-CUBE-DISPLAY.3.0.0
2025-08-30 20:19:47,204 [WARN] PackLoader:240 - Cannot read IP mode file for STMicroelectronics.X-CUBE-NFC10.1.0.0
2025-08-30 20:19:47,215 [WARN] PackLoader:240 - Cannot read IP mode file for emotas.I-CUBE-CANOPEN.1.3.0
2025-08-30 20:19:47,224 [ERROR] Engine:466 - /home/kailas/.stm32cubemx/thirdparties/pdsc/STMicroelectronics.FP-SNS-STBOX1.2.1.0.pdsc: PDSC version is not supported
2025-08-30 20:19:47,233 [WARN] PackLoader:240 - Cannot read IP mode file for STMicroelectronics.FP-SNS-SMARTAG2.1.2.0
2025-08-30 20:19:47,239 [ERROR] Engine:466 - /home/kailas/.stm32cubemx/thirdparties/pdsc/STMicroelectronics.FP-SNS-FLIGHT1.5.1.0.pdsc: PDSC version is not supported
2025-08-30 20:19:47,253 [INFO] LogOutputStream:77 - [STDOUT_REDIRECT] 1 : Invalid condition id : UX_CORESTACK_Condition cause : null
2025-08-30 20:19:47,257 [INFO] LogOutputStream:77 - [STDOUT_REDIRECT] 1 : Invalid condition id : UX_CORESTACK_Condition cause : null
2025-08-30 20:19:47,257 [INFO] LogOutputStream:77 - [STDOUT_REDIRECT] 1 : Invalid condition id : UX_CORESTACK_Condition cause : null
2025-08-30 20:19:47,258 [INFO] LogOutputStream:77 - [STDOUT_REDIRECT] 1 : Invalid condition id : UX_CORESTACK_Condition cause : null
2025-08-30 20:19:47,258 [INFO] LogOutputStream:77 - [STDOUT_REDIRECT] 1 : Invalid condition id : UX_CORESTACK_Condition cause : null
2025-08-30 20:19:47,263 [WARN] PackLoader:240 - Cannot read IP mode file for STMicroelectronics.X-CUBE-AZRTOS-WL.2.0.0
2025-08-30 20:19:47,273 [WARN] PackLoader:240 - Cannot read IP mode file for STMicroelectronics.FP-SNS-MOTENV1.5.0.0
2025-08-30 20:19:47,295 [WARN] PackLoader:240 - Cannot read IP mode file for WES.I-CUBE-Cesium.1.3.0
2025-08-30 20:19:47,305 [WARN] PackLoader:240 - Cannot read IP mode file for STMicroelectronics.X-CUBE-BLE2.3.3.0
2025-08-30 20:19:47,312 [WARN] PackLoader:240 - Cannot read IP mode file for STMicroelectronics.X-CUBE-NFC9.1.0.0
2025-08-30 20:19:47,321 [WARN] PackLoader:240 - Cannot read IP mode file for wolfSSL.I-CUBE-wolfSSL.5.8.2
2025-08-30 20:19:47,329 [WARN] PackLoader:240 - Cannot read IP mode file for STMicroelectronics.X-CUBE-BLE1.7.1.0
2025-08-30 20:19:47,335 [WARN] PackLoader:240 - Cannot read IP mode file for wolfSSL.I-CUBE-wolfMQTT.1.19.2
2025-08-30 20:19:47,343 [WARN] PackLoader:240 - Cannot read IP mode file for STMicroelectronics.X-CUBE-EEPRMA1.5.2.0
2025-08-30 20:19:47,372 [WARN] PackLoader:240 - Cannot read IP mode file for STMicroelectronics.X-CUBE-AZRTOS-G0.1.1.0
2025-08-30 20:19:47,384 [WARN] PackLoader:240 - Cannot read IP mode file for STMicroelectronics.X-CUBE-SAFEA1.1.2.2
2025-08-30 20:19:47,392 [WARN] PackLoader:240 - Cannot read IP mode file for STMicroelectronics.X-CUBE-NFC4.3.0.0
2025-08-30 20:19:47,408 [WARN] PackLoader:240 - Cannot read IP mode file for EmbeddedOffice.I-CUBE-FS-RTOS.1.0.1
2025-08-30 20:19:47,409 [ERROR] ConditionMgr:805 - Attr not supported : Dmpu
2025-08-30 20:19:47,409 [ERROR] ConditionMgr:805 - Attr not supported : Dmpu
2025-08-30 20:19:47,409 [ERROR] ConditionMgr:805 - Attr not supported : Dmpu
2025-08-30 20:19:47,409 [ERROR] ConditionMgr:805 - Attr not supported : Dmpu
2025-08-30 20:19:47,409 [ERROR] ConditionMgr:805 - Attr not supported : Dmpu
2025-08-30 20:19:47,409 [ERROR] ConditionMgr:805 - Attr not supported : Dmpu
2025-08-30 20:19:47,409 [ERROR] ConditionMgr:805 - Attr not supported : Dmpu
2025-08-30 20:19:47,409 [ERROR] ConditionMgr:805 - Attr not supported : Dmpu
2025-08-30 20:19:47,409 [ERROR] ConditionMgr:805 - Attr not supported : Dmpu
2025-08-30 20:19:47,410 [ERROR] ConditionMgr:805 - Attr not supported : Dmpu
2025-08-30 20:19:47,410 [ERROR] ConditionMgr:805 - Attr not supported : Dmpu
2025-08-30 20:19:47,410 [ERROR] ConditionMgr:805 - Attr not supported : Dmpu
2025-08-30 20:19:47,410 [ERROR] ConditionMgr:805 - Attr not supported : Dmpu
2025-08-30 20:19:47,410 [ERROR] ConditionMgr:805 - Attr not supported : Dmpu
2025-08-30 20:19:47,410 [ERROR] ConditionMgr:805 - Attr not supported : Dmpu
2025-08-30 20:19:47,410 [ERROR] ConditionMgr:805 - Attr not supported : Dmpu
2025-08-30 20:19:47,411 [ERROR] ConditionMgr:805 - Attr not supported : Dmpu
2025-08-30 20:19:47,411 [ERROR] ConditionMgr:805 - Attr not supported : Dmpu
2025-08-30 20:19:47,411 [ERROR] ConditionMgr:805 - Attr not supported : Dmpu
2025-08-30 20:19:47,411 [ERROR] ConditionMgr:805 - Attr not supported : Dmpu
2025-08-30 20:19:47,412 [ERROR] ConditionMgr:805 - Attr not supported : Dmpu
2025-08-30 20:19:47,412 [ERROR] ConditionMgr:805 - Attr not supported : Dmpu
2025-08-30 20:19:47,412 [ERROR] ConditionMgr:805 - Attr not supported : Dmpu
2025-08-30 20:19:47,412 [ERROR] ConditionMgr:805 - Attr not supported : Dmpu
2025-08-30 20:19:47,412 [ERROR] ConditionMgr:805 - Attr not supported : Dmpu
2025-08-30 20:19:47,412 [ERROR] ConditionMgr:805 - Attr not supported : Dmpu
2025-08-30 20:19:47,412 [ERROR] ConditionMgr:805 - Attr not supported : Dmpu
2025-08-30 20:19:47,412 [ERROR] ConditionMgr:805 - Attr not supported : Dmpu
2025-08-30 20:19:47,412 [ERROR] ConditionMgr:805 - Attr not supported : Dmpu
2025-08-30 20:19:47,412 [ERROR] ConditionMgr:805 - Attr not supported : Dmpu
2025-08-30 20:19:47,412 [ERROR] ConditionMgr:805 - Attr not supported : Dmpu
2025-08-30 20:19:47,412 [ERROR] ConditionMgr:805 - Attr not supported : Dmpu
2025-08-30 20:19:47,412 [ERROR] ConditionMgr:805 - Attr not supported : Dmpu
2025-08-30 20:19:47,412 [ERROR] ConditionMgr:805 - Attr not supported : Dmpu
2025-08-30 20:19:47,412 [ERROR] ConditionMgr:805 - Attr not supported : Dmpu
2025-08-30 20:19:47,412 [ERROR] ConditionMgr:805 - Attr not supported : Dmpu
2025-08-30 20:19:47,413 [ERROR] ConditionMgr:805 - Attr not supported : Dmpu
2025-08-30 20:19:47,413 [ERROR] ConditionMgr:805 - Attr not supported : Dmpu
2025-08-30 20:19:47,413 [ERROR] ConditionMgr:805 - Attr not supported : Dmpu
2025-08-30 20:19:47,413 [ERROR] ConditionMgr:805 - Attr not supported : Dmpu
2025-08-30 20:19:47,413 [ERROR] ConditionMgr:805 - Attr not supported : Dmpu
2025-08-30 20:19:47,413 [ERROR] ConditionMgr:805 - Attr not supported : Dmpu
2025-08-30 20:19:47,413 [ERROR] ConditionMgr:805 - Attr not supported : Dmpu
2025-08-30 20:19:47,413 [ERROR] ConditionMgr:805 - Attr not supported : Dmpu
2025-08-30 20:19:47,413 [ERROR] ConditionMgr:805 - Attr not supported : Dmpu
2025-08-30 20:19:47,413 [ERROR] ConditionMgr:805 - Attr not supported : Dmpu
2025-08-30 20:19:47,413 [ERROR] ConditionMgr:805 - Attr not supported : Dmpu
2025-08-30 20:19:47,413 [ERROR] ConditionMgr:805 - Attr not supported : Dmpu
2025-08-30 20:19:47,413 [ERROR] ConditionMgr:805 - Attr not supported : Dmpu
2025-08-30 20:19:47,413 [ERROR] ConditionMgr:805 - Attr not supported : Dmpu
2025-08-30 20:19:47,413 [ERROR] ConditionMgr:805 - Attr not supported : Dmpu
2025-08-30 20:19:47,414 [ERROR] ConditionMgr:805 - Attr not supported : Dmpu
2025-08-30 20:19:47,414 [ERROR] ConditionMgr:805 - Attr not supported : Dmpu
2025-08-30 20:19:47,414 [ERROR] ConditionMgr:805 - Attr not supported : Dmpu
2025-08-30 20:19:47,414 [ERROR] ConditionMgr:805 - Attr not supported : Dmpu
2025-08-30 20:19:47,414 [ERROR] ConditionMgr:805 - Attr not supported : Dmpu
2025-08-30 20:19:47,414 [ERROR] ConditionMgr:805 - Attr not supported : Dmpu
2025-08-30 20:19:47,414 [ERROR] ConditionMgr:805 - Attr not supported : Dmpu
2025-08-30 20:19:47,414 [ERROR] ConditionMgr:805 - Attr not supported : Dmpu
2025-08-30 20:19:47,414 [ERROR] ConditionMgr:805 - Attr not supported : Dmpu
2025-08-30 20:19:47,417 [ERROR] ConditionMgr:805 - Attr not supported : Dmpu
2025-08-30 20:19:47,417 [ERROR] ConditionMgr:805 - Attr not supported : Dmpu
2025-08-30 20:19:47,417 [ERROR] ConditionMgr:805 - Attr not supported : Dmpu
2025-08-30 20:19:47,417 [ERROR] ConditionMgr:805 - Attr not supported : Dmpu
2025-08-30 20:19:47,425 [WARN] PackLoader:240 - Cannot read IP mode file for STMicroelectronics.X-CUBE-WB05N.2.0.0
2025-08-30 20:19:47,431 [WARN] PackLoader:240 - Cannot read IP mode file for wolfSSL.I-CUBE-wolfTPM.3.8.0
2025-08-30 20:19:47,439 [ERROR] Engine:466 - /home/kailas/.stm32cubemx/thirdparties/pdsc/STMicroelectronics.X-CUBE-TCPP.4.2.0.pdsc: PDSC version is not supported
2025-08-30 20:19:47,446 [WARN] PackLoader:240 - Cannot read IP mode file for RealThread.X-CUBE-RT-Thread_Nano.4.1.1
2025-08-30 20:19:47,453 [WARN] PackLoader:240 - Cannot read IP mode file for STMicroelectronics.FP-ATR-SIGFOX1.3.2.0
2025-08-30 20:19:47,461 [WARN] PackLoader:240 - Cannot read IP mode file for ITTIA_DB.I-CUBE-ITTIADB.8.9.0
2025-08-30 20:19:47,469 [ERROR] Engine:466 - /home/kailas/.stm32cubemx/thirdparties/pdsc/STMicroelectronics.X-CUBE-ST67W61.1.0.0.pdsc: PDSC version is not supported
2025-08-30 20:19:47,471 [WARN] PackLoader:240 - Cannot read IP mode file for STMicroelectronics.X-CUBE-AI.10.2.0
2025-08-30 20:19:47,536 [WARN] PackLoader:240 - Cannot read IP mode file for SEGGER.I-CUBE-embOS.1.3.1
2025-08-30 20:19:47,600 [WARN] PackLoader:240 - Cannot read IP mode file for STMicroelectronics.X-CUBE-ALGOBUILD.1.4.0
2025-08-30 20:19:47,644 [WARN] PackLoader:240 - Cannot read IP mode file for STMicroelectronics.X-CUBE-MEMS1.11.3.0
2025-08-30 20:19:47,816 [WARN] PackLoader:240 - Cannot read IP mode file for STMicroelectronics.X-CUBE-PM33A1.1.0.0
2025-08-30 20:19:47,837 [WARN] PackLoader:240 - Cannot read IP mode file for STMicroelectronics.X-CUBE-AZRTOS-F4.1.1.0
2025-08-30 20:19:47,842 [ERROR] Engine:466 - /home/kailas/.stm32cubemx/thirdparties/pdsc/Avnet-IotConnect.X-CUBE-IoTC-DA16k-PMOD.1.0.0.pdsc: PDSC version is not supported
2025-08-30 20:19:47,848 [WARN] PackLoader:240 - Cannot read IP mode file for STMicroelectronics.X-CUBE-ISPU.2.1.0
2025-08-30 20:19:47,854 [WARN] PackLoader:240 - Cannot read IP mode file for STMicroelectronics.X-CUBE-NFC12.1.0.0
2025-08-30 20:19:47,891 [WARN] PackLoader:240 - Cannot read IP mode file for STMicroelectronics.X-CUBE-AZRTOS-L5.2.0.0
2025-08-30 20:19:47,909 [WARN] PackLoader:240 - Cannot read IP mode file for STMicroelectronics.X-CUBE-NFC6.3.1.0
2025-08-30 20:19:47,919 [WARN] PackLoader:240 - Cannot read IP mode file for STMicroelectronics.X-CUBE-FREERTOS.1.3.1
2025-08-30 20:19:47,924 [ERROR] Engine:466 - /home/kailas/.stm32cubemx/thirdparties/pdsc/STMicroelectronics.FP-SNS-STAIOTCFT.1.0.0.pdsc: PDSC version is not supported
2025-08-30 20:19:47,931 [WARN] PackLoader:240 - Cannot read IP mode file for STMicroelectronics.X-CUBE-DPower.1.3.0
2025-08-30 20:19:47,959 [WARN] ConditionMgr:438 - getConditionDescription Invalid condition id : LAN8742 Phy interface Condition cause : null
2025-08-30 20:19:47,960 [WARN] PackLoader:240 - Cannot read IP mode file for STMicroelectronics.X-CUBE-AZRTOS-L4.2.0.0
2025-08-30 20:19:47,962 [WARN] ConditionMgr:1039 - genDependencies : Invalid condition id : LAN8742 Phy interface Condition cause : null
2025-08-30 20:19:47,963 [WARN] ConditionMgr:1039 - genDependencies : Invalid condition id : LAN8742 Phy interface Condition cause : null
2025-08-30 20:19:47,964 [WARN] ConditionMgr:1039 - genDependencies : Invalid condition id : LAN8742 Phy interface Condition cause : null
2025-08-30 20:19:47,972 [WARN] PackLoader:240 - Cannot read IP mode file for STMicroelectronics.X-CUBE-SFXS2LP1.4.0.0
2025-08-30 20:19:48,002 [ERROR] Engine:466 - /home/kailas/.stm32cubemx/thirdparties/pdsc/STMicroelectronics.X-CUBE-BLEMGR.4.1.0.pdsc: PDSC version is not supported
2025-08-30 20:19:48,030 [WARN] ConditionMgr:438 - getConditionDescription Invalid condition id : UX DEVICE CLASS RTOS Condition cause : null
2025-08-30 20:19:48,030 [WARN] ConditionMgr:438 - getConditionDescription Invalid condition id : UX DEVICE CLASS RTOS Condition cause : null
2025-08-30 20:19:48,036 [WARN] PackLoader:240 - Cannot read IP mode file for STMicroelectronics.X-CUBE-AZRTOS-WB.2.0.0
2025-08-30 20:19:48,036 [WARN] ConditionMgr:1039 - genDependencies : Invalid condition id : UX DEVICE CLASS RTOS Condition cause : null
2025-08-30 20:19:48,037 [WARN] ConditionMgr:1039 - genDependencies : Invalid condition id : UX DEVICE CLASS RTOS Condition cause : null
2025-08-30 20:19:48,037 [WARN] ConditionMgr:1039 - genDependencies : Invalid condition id : UX DEVICE CLASS RTOS Condition cause : null
2025-08-30 20:19:48,037 [WARN] ConditionMgr:1039 - genDependencies : Invalid condition id : UX DEVICE CLASS RTOS Condition cause : null
2025-08-30 20:19:48,039 [WARN] ConditionMgr:1039 - genDependencies : Invalid condition id : UX DEVICE CLASS RTOS Condition cause : null
2025-08-30 20:19:48,049 [WARN] PackLoader:240 - Cannot read IP mode file for STMicroelectronics.X-CUBE-GNSS1.7.0.1
2025-08-30 20:19:48,059 [WARN] PackLoader:240 - Cannot read IP mode file for STMicroelectronics.X-CUBE-TOUCHGFX.4.25.0
2025-08-30 20:19:48,067 [WARN] ConditionMgr:438 - getConditionDescription Invalid condition id : Cortex-A Device cause : null
2025-08-30 20:19:48,093 [WARN] ConditionMgr:1039 - genDependencies : Invalid condition id : Cortex-A Device cause : null
2025-08-30 20:19:48,094 [WARN] ConditionMgr:1039 - genDependencies : Invalid condition id : Cortex-A Device cause : null
2025-08-30 20:19:48,094 [WARN] ConditionMgr:1039 - genDependencies : Invalid condition id : Cortex-A Device cause : null
2025-08-30 20:19:48,114 [WARN] PackLoader:240 - Cannot read IP mode file for STMicroelectronics.X-CUBE-SUBG2.5.0.0
2025-08-30 20:19:48,154 [WARN] PackLoader:240 - Cannot read IP mode file for STMicroelectronics.X-CUBE-AZRTOS-H7RS.1.1.0
2025-08-30 20:19:48,166 [WARN] PackLoader:240 - Cannot read IP mode file for Cesanta.I-CUBE-Mongoose.7.13.0
2025-08-30 20:19:48,219 [WARN] PackLoader:240 - Cannot read IP mode file for STMicroelectronics.X-CUBE-AZRTOS-G4.2.0.0
2025-08-30 20:19:48,286 [WARN] PackLoader:240 - Cannot read IP mode file for wolfSSL.I-CUBE-wolfSSH.1.4.20
2025-08-30 20:19:48,292 [WARN] PackLoader:240 - Cannot read IP mode file for STMicroelectronics.X-CUBE-NFC7.2.0.0
2025-08-30 20:19:48,303 [ERROR] Engine:466 - /home/kailas/.stm32cubemx/thirdparties/pdsc/STMicroelectronics.X-CUBE-IPS.3.1.0.pdsc: PDSC version is not supported
2025-08-30 20:19:48,310 [WARN] PackLoader:240 - Cannot read IP mode file for STMicroelectronics.X-CUBE-ALS.1.0.2
2025-08-30 20:19:48,319 [WARN] PackLoader:240 - Cannot read IP mode file for portGmbH.I-Cube-SoM-uGOAL.1.1.0
2025-08-30 20:19:48,335 [ERROR] Engine:466 - /home/kailas/.stm32cubemx/thirdparties/pdsc/STMicroelectronics.X-CUBE-TOF1.3.4.3.pdsc: PDSC version is not supported
2025-08-30 20:19:48,336 [INFO] ThirdParty:978 - Integrity check success = true
2025-08-30 20:19:48,336 [INFO] IntegrityCheckThread:100 - exiting critical section [integrity check]
2025-08-30 20:19:48,336 [INFO] IntegrityCheckThread:103 - End integrity checks thread
2025-08-30 20:19:48,925 [INFO] WebApp:448 - Apply proxy settings
2025-08-30 20:19:48,927 [INFO] WebApp:533 - Chromium requires no authentication
2025-08-30 20:19:48,947 [INFO] WebApp:476 - Direct internet connection detected
2025-08-30 20:19:48,989 [INFO] WebApp:869 - Register for checkConnection events
2025-08-30 20:19:48,989 [INFO] WebApp:448 - Apply proxy settings
2025-08-30 20:19:48,990 [INFO] WebApp:533 - Chromium requires no authentication
2025-08-30 20:19:48,994 [INFO] WebApp:476 - Direct internet connection detected
2025-08-30 20:19:49,240 [INFO] WebApp:220 - Starting web application
2025-08-30 20:19:49,240 [INFO] WebApp:578 - Web application path used /opt/st/stm32cubeide_1.16.0/plugins/com.st.stm32cube.common.mx_6.12.0.202406281431/db/plugins/mcufinder/reactClient1/index.html
2025-08-30 20:19:49,453 [INFO] UserAuth:417 - Internet connection configuration mode: 1
2025-08-30 20:19:49,590 [INFO] WebApp:186 - Connection restablished
2025-08-30 20:20:02,573 [ERROR] LogOutputStream:75 - [STDERR_REDIRECT] Aug 30, 2025 8:20:02 PM java.util.prefs.FileSystemPreferences checkLockFile0ErrorCode
2025-08-30 20:20:02,573 [ERROR] LogOutputStream:75 - [STDERR_REDIRECT] WARNING: Could not lock System prefs. Unix error code 2.
2025-08-30 20:20:02,573 [ERROR] LogOutputStream:75 - [STDERR_REDIRECT] 
2025-08-30 20:20:02,574 [ERROR] LogOutputStream:75 - [STDERR_REDIRECT] Aug 30, 2025 8:20:02 PM java.util.prefs.FileSystemPreferences syncWorld
2025-08-30 20:20:02,574 [ERROR] LogOutputStream:75 - [STDERR_REDIRECT] WARNING: Couldn't flush system prefs: java.util.prefs.BackingStoreException: Couldn't get file lock.
2025-08-30 20:20:02,574 [ERROR] LogOutputStream:75 - [STDERR_REDIRECT] 
2025-08-30 20:20:32,498 [ERROR] LogOutputStream:75 - [STDERR_REDIRECT] Aug 30, 2025 8:20:32 PM java.util.prefs.FileSystemPreferences checkLockFile0ErrorCode
2025-08-30 20:20:32,498 [ERROR] LogOutputStream:75 - [STDERR_REDIRECT] WARNING: Could not lock System prefs. Unix error code 2.
2025-08-30 20:20:32,498 [ERROR] LogOutputStream:75 - [STDERR_REDIRECT] 
2025-08-30 20:20:32,499 [ERROR] LogOutputStream:75 - [STDERR_REDIRECT] Aug 30, 2025 8:20:32 PM java.util.prefs.FileSystemPreferences syncWorld
2025-08-30 20:20:32,499 [ERROR] LogOutputStream:75 - [STDERR_REDIRECT] WARNING: Couldn't flush system prefs: java.util.prefs.BackingStoreException: Couldn't get file lock.
2025-08-30 20:20:32,499 [ERROR] LogOutputStream:75 - [STDERR_REDIRECT] 
2025-08-30 20:21:02,499 [ERROR] LogOutputStream:75 - [STDERR_REDIRECT] Aug 30, 2025 8:21:02 PM java.util.prefs.FileSystemPreferences checkLockFile0ErrorCode
2025-08-30 20:21:02,499 [ERROR] LogOutputStream:75 - [STDERR_REDIRECT] WARNING: Could not lock System prefs. Unix error code 2.
2025-08-30 20:21:02,499 [ERROR] LogOutputStream:75 - [STDERR_REDIRECT] 
2025-08-30 20:21:02,500 [ERROR] LogOutputStream:75 - [STDERR_REDIRECT] Aug 30, 2025 8:21:02 PM java.util.prefs.FileSystemPreferences syncWorld
2025-08-30 20:21:02,500 [ERROR] LogOutputStream:75 - [STDERR_REDIRECT] WARNING: Couldn't flush system prefs: java.util.prefs.BackingStoreException: Couldn't get file lock.
2025-08-30 20:21:02,500 [ERROR] LogOutputStream:75 - [STDERR_REDIRECT] 
2025-08-30 20:21:32,499 [ERROR] LogOutputStream:75 - [STDERR_REDIRECT] Aug 30, 2025 8:21:32 PM java.util.prefs.FileSystemPreferences checkLockFile0ErrorCode
2025-08-30 20:21:32,500 [ERROR] LogOutputStream:75 - [STDERR_REDIRECT] WARNING: Could not lock System prefs. Unix error code 2.
2025-08-30 20:21:32,500 [ERROR] LogOutputStream:75 - [STDERR_REDIRECT] 
2025-08-30 20:21:32,501 [ERROR] LogOutputStream:75 - [STDERR_REDIRECT] Aug 30, 2025 8:21:32 PM java.util.prefs.FileSystemPreferences syncWorld
2025-08-30 20:21:32,502 [ERROR] LogOutputStream:75 - [STDERR_REDIRECT] WARNING: Couldn't flush system prefs: java.util.prefs.BackingStoreException: Couldn't get file lock.
2025-08-30 20:21:32,502 [ERROR] LogOutputStream:75 - [STDERR_REDIRECT] 
2025-08-30 20:22:14,094 [INFO] Activator:176 - 


2025-08-30 20:22:14,096 [INFO] Activator:177 - !SESSION log4j initialized
2025-08-30 20:22:16,438 [INFO] LogOutputStream:77 - [STDOUT_REDIRECT] 
2025-08-30 20:22:18,700 [INFO] ApplicationProperties:184 - Using Application install path: /opt/st/stm32cubeide_1.16.0/plugins/com.st.stm32cube.common.mx_6.12.0.202406281431
2025-08-30 20:22:18,716 [INFO] DbMcusXml:78 - Set database path to: /opt/st/stm32cubeide_1.16.0/plugins/com.st.stm32cube.common.mx_6.12.0.202406281431//db//mcu/
2025-08-30 20:22:18,716 [INFO] ApiDb:274 - Set plugin database path to: /opt/st/stm32cubeide_1.16.0/plugins/com.st.stm32cube.common.mx_6.12.0.202406281431//db//plugins/boardmanager/
2025-08-30 20:22:18,717 [WARN] ApiDb:259 - Overriding images path with different value:  => /opt/st/stm32cubeide_1.16.0/plugins/com.st.stm32cube.common.mx_6.12.0.202406281431//db//plugins/mcufinder/images/
2025-08-30 20:22:18,722 [INFO] ApiDb:250 - Set database path to: /home/kailas/.stmcufinder/plugins/mcufinder//mcu/
2025-08-30 20:22:18,723 [INFO] DbMcusAds:125 - Set database path to: /home/kailas/.stmcufinder/plugins/mcufinder//mcu/
2025-08-30 20:22:18,725 [INFO] CrossReferenceDbSqlite:203 - Set database path to: /home/kailas/.stmcufinder/plugins/mcufinder//mcu/cs/
2025-08-30 20:22:18,880 [INFO] RulesReader:64 - Compatibility file has been processed (297 Rules)
2025-08-30 20:22:18,959 [INFO] DbMcusXml:78 - Set database path to: /opt/st/stm32cubeide_1.16.0/plugins/com.st.stm32cube.common.mx_6.12.0.202406281431//db//mcu/
2025-08-30 20:22:18,960 [INFO] ApiDb:274 - Set plugin database path to: /opt/st/stm32cubeide_1.16.0/plugins/com.st.stm32cube.common.mx_6.12.0.202406281431//db//plugins/boardmanager/
2025-08-30 20:22:18,960 [INFO] ApiDb:261 - Set plugin images path to: /opt/st/stm32cubeide_1.16.0/plugins/com.st.stm32cube.common.mx_6.12.0.202406281431//db//plugins/mcufinder/images/
2025-08-30 20:22:18,960 [WARN] DbFile:41 - Overriding database path with different value: /home/kailas/.stmcufinder/plugins/mcufinder/ => /home/kailas/.stmcufinder/plugins/mcufinder
2025-08-30 20:22:18,961 [INFO] ApiDb:250 - Set database path to: /home/kailas/.stmcufinder/plugins/mcufinder//mcu/
2025-08-30 20:22:18,961 [WARN] DbFile:41 - Overriding database path with different value: /home/kailas/.stmcufinder/plugins/mcufinder/ => /home/kailas/.stmcufinder/plugins/mcufinder
2025-08-30 20:22:18,961 [INFO] DbMcusAds:125 - Set database path to: /home/kailas/.stmcufinder/plugins/mcufinder//mcu/
2025-08-30 20:22:18,961 [WARN] DbFile:41 - Overriding database path with different value: /home/kailas/.stmcufinder/plugins/mcufinder/ => /home/kailas/.stmcufinder/plugins/mcufinder
2025-08-30 20:22:18,961 [WARN] DbFile:41 - Overriding database path with different value: /home/kailas/.stmcufinder/plugins/mcufinder/ => /home/kailas/.stmcufinder/plugins/mcufinder
2025-08-30 20:22:18,962 [INFO] CrossReferenceDbSqlite:203 - Set database path to: /home/kailas/.stmcufinder/plugins/mcufinder//mcu/cs/
2025-08-30 20:22:19,038 [INFO] MainPanel:268 - HeapMemory: 268435456
2025-08-30 20:22:19,155 [INFO] DbMcusXml:78 - Set database path to: /opt/st/stm32cubeide_1.16.0/plugins/com.st.stm32cube.common.mx_6.12.0.202406281431//db//mcu/
2025-08-30 20:22:19,156 [INFO] ApiDb:274 - Set plugin database path to: /opt/st/stm32cubeide_1.16.0/plugins/com.st.stm32cube.common.mx_6.12.0.202406281431//db//plugins/boardmanager/
2025-08-30 20:22:19,156 [INFO] ApiDb:261 - Set plugin images path to: /opt/st/stm32cubeide_1.16.0/plugins/com.st.stm32cube.common.mx_6.12.0.202406281431//db//plugins/mcufinder/images/
2025-08-30 20:22:19,156 [WARN] DbFile:41 - Overriding database path with different value: /home/kailas/.stmcufinder/plugins/mcufinder/ => /home/kailas/.stmcufinder/plugins/mcufinder
2025-08-30 20:22:19,156 [INFO] ApiDb:250 - Set database path to: /home/kailas/.stmcufinder/plugins/mcufinder//mcu/
2025-08-30 20:22:19,157 [WARN] DbFile:41 - Overriding database path with different value: /home/kailas/.stmcufinder/plugins/mcufinder/ => /home/kailas/.stmcufinder/plugins/mcufinder
2025-08-30 20:22:19,157 [INFO] DbMcusAds:125 - Set database path to: /home/kailas/.stmcufinder/plugins/mcufinder//mcu/
2025-08-30 20:22:19,157 [WARN] DbFile:41 - Overriding database path with different value: /home/kailas/.stmcufinder/plugins/mcufinder/ => /home/kailas/.stmcufinder/plugins/mcufinder
2025-08-30 20:22:19,157 [WARN] DbFile:41 - Overriding database path with different value: /home/kailas/.stmcufinder/plugins/mcufinder/ => /home/kailas/.stmcufinder/plugins/mcufinder
2025-08-30 20:22:19,157 [INFO] CrossReferenceDbSqlite:203 - Set database path to: /home/kailas/.stmcufinder/plugins/mcufinder//mcu/cs/
2025-08-30 20:22:19,172 [INFO] ApplicationProperties:184 - Using Application install path: /opt/st/stm32cubeide_1.16.0/plugins/com.st.stm32cube.common.mx_6.12.0.202406281431
2025-08-30 20:22:19,173 [INFO] PluginManage:196 - Search for loadable plugins [exclusion list=, ]
2025-08-30 20:22:19,174 [INFO] PluginManage:310 - Check plugin analytics
2025-08-30 20:22:19,317 [INFO] AnalyticsPlugin:253 - Accepted Software Licenses: 
2025-08-30 20:22:19,317 [INFO] AnalyticsPlugin:255 - Accepted CMSIS Pack Licenses: 
2025-08-30 20:22:19,317 [INFO] AnalyticsPlugin:257 - Accepted Firmware Licenses: FW.F4.1.28.0
2025-08-30 20:22:19,319 [INFO] PluginManage:359 - Loaded plugin analytics (category:tool,tabindex:-1)
2025-08-30 20:22:19,322 [INFO] PluginManage:310 - Check plugin cadmodel
2025-08-30 20:22:19,326 [INFO] CADModel:105 - Init CAD model plugin
2025-08-30 20:22:19,326 [INFO] PluginManage:359 - Loaded plugin cadmodel (category:power,tabindex:5)
2025-08-30 20:22:19,326 [INFO] PluginManage:310 - Check plugin clock
2025-08-30 20:22:19,333 [INFO] PluginManage:359 - Loaded plugin clock (category:base,tabindex:2)
2025-08-30 20:22:19,333 [INFO] PluginManage:310 - Check plugin ddr
2025-08-30 20:22:19,335 [INFO] PluginManage:359 - Loaded plugin ddr (category:tool,tabindex:6)
2025-08-30 20:22:19,335 [INFO] PluginManage:310 - Check plugin filemanager
2025-08-30 20:22:19,469 [INFO] PluginManage:359 - Loaded plugin filemanager (category:base,tabindex:10)
2025-08-30 20:22:19,469 [INFO] PluginManage:310 - Check plugin ipmanager
2025-08-30 20:22:19,476 [INFO] PluginManage:359 - Loaded plugin ipmanager (category:base,tabindex:5)
2025-08-30 20:22:19,477 [INFO] PluginManage:310 - Check plugin lpbam
2025-08-30 20:22:19,485 [INFO] PluginManage:359 - Loaded plugin lpbam (category:base,tabindex:0)
2025-08-30 20:22:19,485 [INFO] PluginManage:310 - Check plugin memorymap
2025-08-30 20:22:19,496 [INFO] PluginManage:359 - Loaded plugin memorymap (category:base,tabindex:4)
2025-08-30 20:22:19,497 [INFO] PluginManage:310 - Check plugin pinoutandconfiguration
2025-08-30 20:22:19,503 [INFO] PluginManage:359 - Loaded plugin pinoutandconfiguration (category:base,tabindex:1)
2025-08-30 20:22:19,504 [INFO] PluginManage:310 - Check plugin pinoutconfig
2025-08-30 20:22:19,642 [WARN] SupportedApi:132 - Cannot load RTOS API schema: s4s-elt-must-match.1: The content of 'definitions' must match (annotation?, (simpleType | complexType)?, (unique | key | keyref)*)). A problem was found starting at: attribute.
2025-08-30 20:22:19,754 [INFO] PluginManage:359 - Loaded plugin pinoutconfig (category:base,tabindex:0)
2025-08-30 20:22:19,754 [INFO] PluginManage:310 - Check plugin power
2025-08-30 20:22:19,760 [INFO] PluginManage:359 - Loaded plugin power (category:power,tabindex:4)
2025-08-30 20:22:19,760 [INFO] PluginManage:310 - Check plugin projectmanager
2025-08-30 20:22:19,774 [INFO] PluginManage:359 - Loaded plugin projectmanager (category:projectmanager,tabindex:4)
2025-08-30 20:22:19,775 [INFO] PluginManage:310 - Check plugin rif
2025-08-30 20:22:19,779 [INFO] PluginManage:359 - Loaded plugin rif (category:base,tabindex:3)
2025-08-30 20:22:19,779 [INFO] PluginManage:310 - Check plugin thirdparty
2025-08-30 20:22:19,917 [WARN] IntegrityCheckThread:84 - waiting for thirdparty lock release [integrity check]
2025-08-30 20:22:19,918 [INFO] PluginManage:359 - Loaded plugin thirdparty (category:base,tabindex:-1)
2025-08-30 20:22:19,918 [INFO] IntegrityCheckThread:86 - entering critical section [integrity check]
2025-08-30 20:22:19,918 [INFO] PluginManage:310 - Check plugin tools
2025-08-30 20:22:19,918 [INFO] ThirdPartyUpdaterWithRetryManager:70 - Updater plugin not ready yet. [1/15]
2025-08-30 20:22:19,920 [INFO] PluginManage:359 - Loaded plugin tools (category:base,tabindex:7)
2025-08-30 20:22:19,920 [INFO] PluginManage:310 - Check plugin tutovideos
2025-08-30 20:22:20,061 [INFO] PluginManage:359 - Loaded plugin tutovideos (category:base,tabindex:-1)
2025-08-30 20:22:20,062 [INFO] PluginManage:310 - Check plugin updater
2025-08-30 20:22:20,075 [INFO] PluginManage:359 - Loaded plugin updater (category:base,tabindex:12)
2025-08-30 20:22:20,075 [INFO] PluginManage:310 - Check plugin userauth
2025-08-30 20:22:20,079 [INFO] UserAuth:113 - Init User Auth plugin
2025-08-30 20:22:20,080 [INFO] PluginManage:359 - Loaded plugin userauth (category:base,tabindex:14)
2025-08-30 20:22:20,080 [INFO] PluginManage:283 - PluginManage : Loaded plugins [18]
2025-08-30 20:22:20,241 [INFO] PinOutPanel:1561 - setPackage(No Configuration,No Configuration)
2025-08-30 20:22:20,302 [INFO] CADModel:165 - CPN selected for project level
2025-08-30 20:22:20,302 [INFO] CADModel:114 - Register for checkConnection events
2025-08-30 20:22:20,309 [INFO] IPUIPlugin:80 - create IPUIPlugin
2025-08-30 20:22:20,309 [INFO] PluginManager:220 - loadIPPluginJar : add ltdc
2025-08-30 20:22:20,313 [INFO] IPUIPlugin:80 - create IPUIPlugin
2025-08-30 20:22:20,313 [INFO] PluginManager:220 - loadIPPluginJar : add ipddr
2025-08-30 20:22:20,315 [INFO] IPUIPlugin:80 - create IPUIPlugin
2025-08-30 20:22:20,315 [INFO] PluginManager:220 - loadIPPluginJar : add cryp
2025-08-30 20:22:20,317 [INFO] IPUIPlugin:80 - create IPUIPlugin
2025-08-30 20:22:20,317 [INFO] PluginManager:220 - loadIPPluginJar : add sai
2025-08-30 20:22:20,318 [INFO] IPUIPlugin:80 - create IPUIPlugin
2025-08-30 20:22:20,318 [INFO] PluginManager:220 - loadIPPluginJar : add radio
2025-08-30 20:22:20,321 [INFO] IPUIPlugin:80 - create IPUIPlugin
2025-08-30 20:22:20,321 [INFO] PluginManager:220 - loadIPPluginJar : add touchsensing
2025-08-30 20:22:20,322 [INFO] IPUIPlugin:80 - create IPUIPlugin
2025-08-30 20:22:20,323 [INFO] PluginManager:220 - loadIPPluginJar : add ddr_ctrl_phy
2025-08-30 20:22:20,324 [INFO] IPUIPlugin:80 - create IPUIPlugin
2025-08-30 20:22:20,324 [INFO] PluginManager:220 - loadIPPluginJar : add ts
2025-08-30 20:22:20,327 [INFO] IPUIPlugin:80 - create IPUIPlugin
2025-08-30 20:22:20,327 [INFO] PluginManager:220 - loadIPPluginJar : add resmgrutility
2025-08-30 20:22:20,329 [INFO] IPUIPlugin:80 - create IPUIPlugin
2025-08-30 20:22:20,329 [INFO] PluginManager:220 - loadIPPluginJar : add gfxmmu
2025-08-30 20:22:20,330 [INFO] IPUIPlugin:80 - create IPUIPlugin
2025-08-30 20:22:20,330 [INFO] PluginManager:220 - loadIPPluginJar : add tracer_emb
2025-08-30 20:22:20,335 [INFO] IPUIPlugin:80 - create IPUIPlugin
2025-08-30 20:22:20,335 [INFO] PluginManager:220 - loadIPPluginJar : add adc
2025-08-30 20:22:20,337 [INFO] IPUIPlugin:80 - create IPUIPlugin
2025-08-30 20:22:20,337 [INFO] PluginManager:220 - loadIPPluginJar : add hash
2025-08-30 20:22:20,341 [INFO] IPUIPlugin:80 - create IPUIPlugin
2025-08-30 20:22:20,341 [INFO] PluginManager:220 - loadIPPluginJar : add fmc
2025-08-30 20:22:20,343 [INFO] IPUIPlugin:80 - create IPUIPlugin
2025-08-30 20:22:20,343 [INFO] PluginManager:220 - loadIPPluginJar : add fatfs
2025-08-30 20:22:20,345 [INFO] IPUIPlugin:80 - create IPUIPlugin
2025-08-30 20:22:20,345 [INFO] PluginManager:220 - loadIPPluginJar : add i3c
2025-08-30 20:22:20,348 [INFO] IPUIPlugin:80 - create IPUIPlugin
2025-08-30 20:22:20,348 [INFO] PluginManager:220 - loadIPPluginJar : add gic
2025-08-30 20:22:20,349 [INFO] IPUIPlugin:80 - create IPUIPlugin
2025-08-30 20:22:20,349 [INFO] PluginManager:220 - loadIPPluginJar : add genericplugin
2025-08-30 20:22:20,351 [INFO] IPUIPlugin:80 - create IPUIPlugin
2025-08-30 20:22:20,351 [INFO] PluginManager:220 - loadIPPluginJar : add aes
2025-08-30 20:22:20,352 [INFO] IPUIPlugin:80 - create IPUIPlugin
2025-08-30 20:22:20,352 [INFO] PluginManager:220 - loadIPPluginJar : add nvic
2025-08-30 20:22:20,355 [INFO] IPUIPlugin:80 - create IPUIPlugin
2025-08-30 20:22:20,355 [INFO] PluginManager:220 - loadIPPluginJar : add gpio
2025-08-30 20:22:20,359 [INFO] IPUIPlugin:80 - create IPUIPlugin
2025-08-30 20:22:20,359 [INFO] PluginManager:220 - loadIPPluginJar : add dma
2025-08-30 20:22:20,360 [INFO] IPUIPlugin:80 - create IPUIPlugin
2025-08-30 20:22:20,360 [INFO] PluginManager:220 - loadIPPluginJar : add tim
2025-08-30 20:22:20,361 [INFO] IPUIPlugin:80 - create IPUIPlugin
2025-08-30 20:22:20,362 [INFO] PluginManager:220 - loadIPPluginJar : add i2s
2025-08-30 20:22:20,363 [INFO] IPUIPlugin:80 - create IPUIPlugin
2025-08-30 20:22:20,363 [INFO] PluginManager:220 - loadIPPluginJar : add extmemmanager
2025-08-30 20:22:20,365 [INFO] IPUIPlugin:80 - create IPUIPlugin
2025-08-30 20:22:20,365 [INFO] PluginManager:220 - loadIPPluginJar : add usart
2025-08-30 20:22:20,366 [INFO] IPUIPlugin:80 - create IPUIPlugin
2025-08-30 20:22:20,366 [INFO] PluginManager:220 - loadIPPluginJar : add lorawan
2025-08-30 20:22:20,368 [INFO] IPUIPlugin:80 - create IPUIPlugin
2025-08-30 20:22:20,368 [INFO] PluginManager:220 - loadIPPluginJar : add usbx
2025-08-30 20:22:20,370 [INFO] IPUIPlugin:80 - create IPUIPlugin
2025-08-30 20:22:20,370 [INFO] PluginManager:220 - loadIPPluginJar : add dfsdm
2025-08-30 20:22:20,372 [INFO] IPUIPlugin:80 - create IPUIPlugin
2025-08-30 20:22:20,372 [INFO] PluginManager:220 - loadIPPluginJar : add opamp
2025-08-30 20:22:20,374 [INFO] IPUIPlugin:80 - create IPUIPlugin
2025-08-30 20:22:20,374 [INFO] PluginManager:220 - loadIPPluginJar : add i2c
2025-08-30 20:22:20,375 [INFO] IPUIPlugin:80 - create IPUIPlugin
2025-08-30 20:22:20,375 [INFO] PluginManager:220 - loadIPPluginJar : add quadspi
2025-08-30 20:22:20,376 [INFO] IPUIPlugin:80 - create IPUIPlugin
2025-08-30 20:22:20,376 [INFO] PluginManager:220 - loadIPPluginJar : add ucpd
2025-08-30 20:22:20,378 [INFO] IPUIPlugin:80 - create IPUIPlugin
2025-08-30 20:22:20,378 [INFO] PluginManager:220 - loadIPPluginJar : add spi
2025-08-30 20:22:20,379 [INFO] IPUIPlugin:80 - create IPUIPlugin
2025-08-30 20:22:20,379 [INFO] PluginManager:220 - loadIPPluginJar : add tsc
2025-08-30 20:22:20,380 [INFO] IPUIPlugin:80 - create IPUIPlugin
2025-08-30 20:22:20,380 [INFO] PluginManager:220 - loadIPPluginJar : add dma3
2025-08-30 20:22:20,382 [INFO] IPUIPlugin:80 - create IPUIPlugin
2025-08-30 20:22:20,382 [INFO] PluginManager:220 - loadIPPluginJar : add openamp
2025-08-30 20:22:20,383 [INFO] IPUIPlugin:80 - create IPUIPlugin
2025-08-30 20:22:20,383 [INFO] PluginManager:220 - loadIPPluginJar : add comp
2025-08-30 20:22:20,387 [INFO] IPUIPlugin:80 - create IPUIPlugin
2025-08-30 20:22:20,387 [INFO] PluginManager:220 - loadIPPluginJar : add mdma
2025-08-30 20:22:20,389 [INFO] IPUIPlugin:80 - create IPUIPlugin
2025-08-30 20:22:20,389 [INFO] PluginManager:220 - loadIPPluginJar : add can
2025-08-30 20:22:20,393 [INFO] IPUIPlugin:80 - create IPUIPlugin
2025-08-30 20:22:20,393 [INFO] PluginManager:220 - loadIPPluginJar : add freertos
2025-08-30 20:22:20,395 [INFO] IPUIPlugin:80 - create IPUIPlugin
2025-08-30 20:22:20,395 [INFO] PluginManager:220 - loadIPPluginJar : add pdm2pcm
2025-08-30 20:22:20,397 [INFO] IPUIPlugin:80 - create IPUIPlugin
2025-08-30 20:22:20,397 [INFO] PluginManager:220 - loadIPPluginJar : add gtzc
2025-08-30 20:22:20,401 [INFO] IPUIPlugin:80 - create IPUIPlugin
2025-08-30 20:22:20,401 [INFO] PluginManager:220 - loadIPPluginJar : add stm32_wpan
2025-08-30 20:22:20,407 [INFO] IPUIPlugin:80 - create IPUIPlugin
2025-08-30 20:22:20,407 [INFO] PluginManager:220 - loadIPPluginJar : add linkedlist
2025-08-30 20:22:20,411 [INFO] IPUIPlugin:80 - create IPUIPlugin
2025-08-30 20:22:20,413 [INFO] PluginManager:220 - loadIPPluginJar : add plateformsettings
2025-08-30 20:22:20,513 [INFO] CADModel:165 - CPN selected for project level
2025-08-30 20:22:20,513 [INFO] CADModel:114 - Register for checkConnection events
2025-08-30 20:22:20,514 [FATAL] Updater:334 - Updater called before beeing initialized
2025-08-30 20:22:20,514 [ERROR] CADModel:125 - Updater not yet initialized, retry later 
2025-08-30 20:22:20,661 [INFO] CADModel:165 - CPN selected for project level
2025-08-30 20:22:20,661 [INFO] CADModel:114 - Register for checkConnection events
2025-08-30 20:22:20,661 [FATAL] Updater:334 - Updater called before beeing initialized
2025-08-30 20:22:20,661 [ERROR] CADModel:125 - Updater not yet initialized, retry later 
2025-08-30 20:22:20,664 [FATAL] Updater:334 - Updater called before beeing initialized
2025-08-30 20:22:20,759 [FATAL] Updater:334 - Updater called before beeing initialized
2025-08-30 20:22:20,764 [INFO] DbMcusAds:53 - JSON generation date=Tue Jul 08 13:44:23 IST 2025 (1751962463582)
2025-08-30 20:22:20,764 [FATAL] Updater:334 - Updater called before beeing initialized
2025-08-30 20:22:20,797 [WARN] DetailPanel:346 - Failed to get advertising image, set to default
2025-08-30 20:22:20,892 [FATAL] Updater:334 - Updater called before beeing initialized
2025-08-30 20:22:20,894 [FATAL] Updater:334 - Updater called before beeing initialized
2025-08-30 20:22:20,894 [FATAL] Updater:334 - Updater called before beeing initialized
2025-08-30 20:22:20,894 [WARN] DetailPanel:346 - Failed to get advertising image, set to default
2025-08-30 20:22:20,899 [FATAL] Updater:334 - Updater called before beeing initialized
2025-08-30 20:22:20,954 [ERROR] Updater:1164 - MainUpdater not yet initialized. External WinMGr cannot be set.
2025-08-30 20:22:20,957 [INFO] Updater:1100 - Updater Version found : 6.12.0
2025-08-30 20:22:20,977 [INFO] ApplicationProperties:184 - Using Application install path: /opt/st/stm32cubeide_1.16.0/plugins/com.st.stm32cube.common.mx_6.12.0.202406281431
2025-08-30 20:22:20,994 [ERROR] LogOutputStream:75 - [STDERR_REDIRECT] Aug 30, 2025 8:22:20 PM java.util.prefs.FileSystemPreferences$2 run
2025-08-30 20:22:20,995 [ERROR] LogOutputStream:75 - [STDERR_REDIRECT] WARNING: Could not create system preferences directory. System preferences are unusable.
2025-08-30 20:22:20,995 [ERROR] LogOutputStream:75 - [STDERR_REDIRECT] 
2025-08-30 20:22:21,381 [INFO] MainUpdater:2873 - connection check result : 10
2025-08-30 20:22:21,383 [INFO] MainUpdater:290 - Updater Check For Update Now.
2025-08-30 20:22:21,418 [INFO] MicroXplorer:498 - Change Database Version : DB.6.0.120
2025-08-30 20:22:21,429 [INFO] McuFinderGlobals:63 - Set McuFinder mode to 2 (CubeIDE integrated)
2025-08-30 20:22:21,429 [INFO] UserAuth:417 - Internet connection configuration mode: 1
2025-08-30 20:22:21,449 [INFO] JxBrowserEngine:152 - Initiate JxBrowser Engine with user profile folder
2025-08-30 20:22:21,630 [INFO] CheckServerUpdateThread:120 - End of CheckServer Thread
2025-08-30 20:22:22,095 [INFO] WebApp:167 - Instantiating new browser for Auth
2025-08-30 20:22:22,815 [INFO] WebApp:448 - Apply proxy settings
2025-08-30 20:22:22,816 [INFO] WebApp:533 - Chromium requires no authentication
2025-08-30 20:22:22,826 [INFO] WebApp:476 - Direct internet connection detected
2025-08-30 20:22:22,852 [INFO] WebApp:869 - Register for checkConnection events
2025-08-30 20:22:22,852 [INFO] WebApp:448 - Apply proxy settings
2025-08-30 20:22:22,852 [INFO] WebApp:533 - Chromium requires no authentication
2025-08-30 20:22:22,853 [INFO] WebApp:476 - Direct internet connection detected
2025-08-30 20:22:22,988 [INFO] WebApp:220 - Starting web application
2025-08-30 20:22:22,988 [INFO] WebApp:578 - Web application path used /opt/st/stm32cubeide_1.16.0/plugins/com.st.stm32cube.common.mx_6.12.0.202406281431/db/plugins/mcufinder/reactClient1/index.html
2025-08-30 20:22:23,149 [WARN] PackLoader:240 - Cannot read IP mode file for STMicroelectronics.FP-SNS-MOTENVWB1.1.4.0
2025-08-30 20:22:23,164 [WARN] PackLoader:240 - Cannot read IP mode file for STMicroelectronics.FP-ATR-ASTRA1.2.0.2
2025-08-30 20:22:23,173 [WARN] PackLoader:240 - Cannot read IP mode file for STMicroelectronics.X-CUBE-SMBUS.2.1.0
2025-08-30 20:22:23,187 [ERROR] Engine:466 - /home/kailas/.stm32cubemx/thirdparties/pdsc/STMicroelectronics.X-CUBE-ST60.1.0.0.pdsc: PDSC version is not supported
2025-08-30 20:22:23,191 [INFO] UserAuth:417 - Internet connection configuration mode: 1
2025-08-30 20:22:23,297 [WARN] PackLoader:240 - Cannot read IP mode file for STMicroelectronics.X-CUBE-AZRTOS-F7.1.1.0
2025-08-30 20:22:23,357 [WARN] PackLoader:240 - Cannot read IP mode file for Infineon.AIROC-Wi-Fi-Bluetooth-STM32.1.7.1
2025-08-30 20:22:23,458 [WARN] PackLoader:240 - Cannot read IP mode file for STMicroelectronics.X-CUBE-AZRTOS-H7.3.4.0
2025-08-30 20:22:23,479 [WARN] PackLoader:240 - Cannot read IP mode file for STMicroelectronics.X-CUBE-DISPLAY.3.0.0
2025-08-30 20:22:23,490 [WARN] PackLoader:240 - Cannot read IP mode file for STMicroelectronics.X-CUBE-NFC10.1.0.0
2025-08-30 20:22:23,495 [WARN] PackLoader:240 - Cannot read IP mode file for emotas.I-CUBE-CANOPEN.1.3.0
2025-08-30 20:22:23,500 [ERROR] Engine:466 - /home/kailas/.stm32cubemx/thirdparties/pdsc/STMicroelectronics.FP-SNS-STBOX1.2.1.0.pdsc: PDSC version is not supported
2025-08-30 20:22:23,502 [WARN] PackLoader:240 - Cannot read IP mode file for STMicroelectronics.FP-SNS-SMARTAG2.1.2.0
2025-08-30 20:22:23,504 [ERROR] Engine:466 - /home/kailas/.stm32cubemx/thirdparties/pdsc/STMicroelectronics.FP-SNS-FLIGHT1.5.1.0.pdsc: PDSC version is not supported
2025-08-30 20:22:23,511 [INFO] LogOutputStream:77 - [STDOUT_REDIRECT] 1 : Invalid condition id : UX_CORESTACK_Condition cause : null
2025-08-30 20:22:23,513 [INFO] LogOutputStream:77 - [STDOUT_REDIRECT] 1 : Invalid condition id : UX_CORESTACK_Condition cause : null
2025-08-30 20:22:23,514 [INFO] LogOutputStream:77 - [STDOUT_REDIRECT] 1 : Invalid condition id : UX_CORESTACK_Condition cause : null
2025-08-30 20:22:23,515 [INFO] LogOutputStream:77 - [STDOUT_REDIRECT] 1 : Invalid condition id : UX_CORESTACK_Condition cause : null
2025-08-30 20:22:23,517 [INFO] LogOutputStream:77 - [STDOUT_REDIRECT] 1 : Invalid condition id : UX_CORESTACK_Condition cause : null
2025-08-30 20:22:23,520 [WARN] PackLoader:240 - Cannot read IP mode file for STMicroelectronics.X-CUBE-AZRTOS-WL.2.0.0
2025-08-30 20:22:23,525 [WARN] PackLoader:240 - Cannot read IP mode file for STMicroelectronics.FP-SNS-MOTENV1.5.0.0
2025-08-30 20:22:23,537 [WARN] PackLoader:240 - Cannot read IP mode file for WES.I-CUBE-Cesium.1.3.0
2025-08-30 20:22:23,548 [WARN] PackLoader:240 - Cannot read IP mode file for STMicroelectronics.X-CUBE-BLE2.3.3.0
2025-08-30 20:22:23,555 [WARN] PackLoader:240 - Cannot read IP mode file for STMicroelectronics.X-CUBE-NFC9.1.0.0
2025-08-30 20:22:23,559 [WARN] PackLoader:240 - Cannot read IP mode file for wolfSSL.I-CUBE-wolfSSL.5.8.2
2025-08-30 20:22:23,563 [WARN] PackLoader:240 - Cannot read IP mode file for STMicroelectronics.X-CUBE-BLE1.7.1.0
2025-08-30 20:22:23,566 [WARN] PackLoader:240 - Cannot read IP mode file for wolfSSL.I-CUBE-wolfMQTT.1.19.2
2025-08-30 20:22:23,570 [WARN] PackLoader:240 - Cannot read IP mode file for STMicroelectronics.X-CUBE-EEPRMA1.5.2.0
2025-08-30 20:22:23,595 [WARN] PackLoader:240 - Cannot read IP mode file for STMicroelectronics.X-CUBE-AZRTOS-G0.1.1.0
2025-08-30 20:22:23,597 [INFO] WebApp:186 - Connection restablished
2025-08-30 20:22:23,615 [WARN] PackLoader:240 - Cannot read IP mode file for STMicroelectronics.X-CUBE-SAFEA1.1.2.2
2025-08-30 20:22:23,622 [WARN] PackLoader:240 - Cannot read IP mode file for STMicroelectronics.X-CUBE-NFC4.3.0.0
2025-08-30 20:22:23,638 [WARN] PackLoader:240 - Cannot read IP mode file for EmbeddedOffice.I-CUBE-FS-RTOS.1.0.1
2025-08-30 20:22:23,639 [ERROR] ConditionMgr:805 - Attr not supported : Dmpu
2025-08-30 20:22:23,639 [ERROR] ConditionMgr:805 - Attr not supported : Dmpu
2025-08-30 20:22:23,639 [ERROR] ConditionMgr:805 - Attr not supported : Dmpu
2025-08-30 20:22:23,639 [ERROR] ConditionMgr:805 - Attr not supported : Dmpu
2025-08-30 20:22:23,639 [ERROR] ConditionMgr:805 - Attr not supported : Dmpu
2025-08-30 20:22:23,639 [ERROR] ConditionMgr:805 - Attr not supported : Dmpu
2025-08-30 20:22:23,639 [ERROR] ConditionMgr:805 - Attr not supported : Dmpu
2025-08-30 20:22:23,639 [ERROR] ConditionMgr:805 - Attr not supported : Dmpu
2025-08-30 20:22:23,639 [ERROR] ConditionMgr:805 - Attr not supported : Dmpu
2025-08-30 20:22:23,639 [ERROR] ConditionMgr:805 - Attr not supported : Dmpu
2025-08-30 20:22:23,639 [ERROR] ConditionMgr:805 - Attr not supported : Dmpu
2025-08-30 20:22:23,640 [ERROR] ConditionMgr:805 - Attr not supported : Dmpu
2025-08-30 20:22:23,640 [ERROR] ConditionMgr:805 - Attr not supported : Dmpu
2025-08-30 20:22:23,640 [ERROR] ConditionMgr:805 - Attr not supported : Dmpu
2025-08-30 20:22:23,640 [ERROR] ConditionMgr:805 - Attr not supported : Dmpu
2025-08-30 20:22:23,640 [ERROR] ConditionMgr:805 - Attr not supported : Dmpu
2025-08-30 20:22:23,640 [ERROR] ConditionMgr:805 - Attr not supported : Dmpu
2025-08-30 20:22:23,640 [ERROR] ConditionMgr:805 - Attr not supported : Dmpu
2025-08-30 20:22:23,640 [ERROR] ConditionMgr:805 - Attr not supported : Dmpu
2025-08-30 20:22:23,640 [ERROR] ConditionMgr:805 - Attr not supported : Dmpu
2025-08-30 20:22:23,640 [ERROR] ConditionMgr:805 - Attr not supported : Dmpu
2025-08-30 20:22:23,640 [ERROR] ConditionMgr:805 - Attr not supported : Dmpu
2025-08-30 20:22:23,640 [ERROR] ConditionMgr:805 - Attr not supported : Dmpu
2025-08-30 20:22:23,640 [ERROR] ConditionMgr:805 - Attr not supported : Dmpu
2025-08-30 20:22:23,640 [ERROR] ConditionMgr:805 - Attr not supported : Dmpu
2025-08-30 20:22:23,641 [ERROR] ConditionMgr:805 - Attr not supported : Dmpu
2025-08-30 20:22:23,641 [ERROR] ConditionMgr:805 - Attr not supported : Dmpu
2025-08-30 20:22:23,641 [ERROR] ConditionMgr:805 - Attr not supported : Dmpu
2025-08-30 20:22:23,641 [ERROR] ConditionMgr:805 - Attr not supported : Dmpu
2025-08-30 20:22:23,641 [ERROR] ConditionMgr:805 - Attr not supported : Dmpu
2025-08-30 20:22:23,641 [ERROR] ConditionMgr:805 - Attr not supported : Dmpu
2025-08-30 20:22:23,641 [ERROR] ConditionMgr:805 - Attr not supported : Dmpu
2025-08-30 20:22:23,641 [ERROR] ConditionMgr:805 - Attr not supported : Dmpu
2025-08-30 20:22:23,641 [ERROR] ConditionMgr:805 - Attr not supported : Dmpu
2025-08-30 20:22:23,641 [ERROR] ConditionMgr:805 - Attr not supported : Dmpu
2025-08-30 20:22:23,641 [ERROR] ConditionMgr:805 - Attr not supported : Dmpu
2025-08-30 20:22:23,641 [ERROR] ConditionMgr:805 - Attr not supported : Dmpu
2025-08-30 20:22:23,641 [ERROR] ConditionMgr:805 - Attr not supported : Dmpu
2025-08-30 20:22:23,641 [ERROR] ConditionMgr:805 - Attr not supported : Dmpu
2025-08-30 20:22:23,642 [ERROR] ConditionMgr:805 - Attr not supported : Dmpu
2025-08-30 20:22:23,642 [ERROR] ConditionMgr:805 - Attr not supported : Dmpu
2025-08-30 20:22:23,642 [ERROR] ConditionMgr:805 - Attr not supported : Dmpu
2025-08-30 20:22:23,642 [ERROR] ConditionMgr:805 - Attr not supported : Dmpu
2025-08-30 20:22:23,642 [ERROR] ConditionMgr:805 - Attr not supported : Dmpu
2025-08-30 20:22:23,642 [ERROR] ConditionMgr:805 - Attr not supported : Dmpu
2025-08-30 20:22:23,642 [ERROR] ConditionMgr:805 - Attr not supported : Dmpu
2025-08-30 20:22:23,642 [ERROR] ConditionMgr:805 - Attr not supported : Dmpu
2025-08-30 20:22:23,642 [ERROR] ConditionMgr:805 - Attr not supported : Dmpu
2025-08-30 20:22:23,642 [ERROR] ConditionMgr:805 - Attr not supported : Dmpu
2025-08-30 20:22:23,642 [ERROR] ConditionMgr:805 - Attr not supported : Dmpu
2025-08-30 20:22:23,642 [ERROR] ConditionMgr:805 - Attr not supported : Dmpu
2025-08-30 20:22:23,642 [ERROR] ConditionMgr:805 - Attr not supported : Dmpu
2025-08-30 20:22:23,642 [ERROR] ConditionMgr:805 - Attr not supported : Dmpu
2025-08-30 20:22:23,643 [ERROR] ConditionMgr:805 - Attr not supported : Dmpu
2025-08-30 20:22:23,643 [ERROR] ConditionMgr:805 - Attr not supported : Dmpu
2025-08-30 20:22:23,643 [ERROR] ConditionMgr:805 - Attr not supported : Dmpu
2025-08-30 20:22:23,643 [ERROR] ConditionMgr:805 - Attr not supported : Dmpu
2025-08-30 20:22:23,643 [ERROR] ConditionMgr:805 - Attr not supported : Dmpu
2025-08-30 20:22:23,643 [ERROR] ConditionMgr:805 - Attr not supported : Dmpu
2025-08-30 20:22:23,643 [ERROR] ConditionMgr:805 - Attr not supported : Dmpu
2025-08-30 20:22:23,643 [ERROR] ConditionMgr:805 - Attr not supported : Dmpu
2025-08-30 20:22:23,643 [ERROR] ConditionMgr:805 - Attr not supported : Dmpu
2025-08-30 20:22:23,643 [ERROR] ConditionMgr:805 - Attr not supported : Dmpu
2025-08-30 20:22:23,646 [ERROR] ConditionMgr:805 - Attr not supported : Dmpu
2025-08-30 20:22:23,650 [WARN] PackLoader:240 - Cannot read IP mode file for STMicroelectronics.X-CUBE-WB05N.2.0.0
2025-08-30 20:22:23,653 [WARN] PackLoader:240 - Cannot read IP mode file for wolfSSL.I-CUBE-wolfTPM.3.8.0
2025-08-30 20:22:23,656 [ERROR] Engine:466 - /home/kailas/.stm32cubemx/thirdparties/pdsc/STMicroelectronics.X-CUBE-TCPP.4.2.0.pdsc: PDSC version is not supported
2025-08-30 20:22:23,659 [WARN] PackLoader:240 - Cannot read IP mode file for RealThread.X-CUBE-RT-Thread_Nano.4.1.1
2025-08-30 20:22:23,662 [WARN] PackLoader:240 - Cannot read IP mode file for STMicroelectronics.FP-ATR-SIGFOX1.3.2.0
2025-08-30 20:22:23,668 [WARN] PackLoader:240 - Cannot read IP mode file for ITTIA_DB.I-CUBE-ITTIADB.8.9.0
2025-08-30 20:22:23,670 [ERROR] Engine:466 - /home/kailas/.stm32cubemx/thirdparties/pdsc/STMicroelectronics.X-CUBE-ST67W61.1.0.0.pdsc: PDSC version is not supported
2025-08-30 20:22:23,672 [WARN] PackLoader:240 - Cannot read IP mode file for STMicroelectronics.X-CUBE-AI.10.2.0
2025-08-30 20:22:23,718 [WARN] PackLoader:240 - Cannot read IP mode file for SEGGER.I-CUBE-embOS.1.3.1
2025-08-30 20:22:23,812 [WARN] PackLoader:240 - Cannot read IP mode file for STMicroelectronics.X-CUBE-ALGOBUILD.1.4.0
2025-08-30 20:22:23,997 [WARN] PackLoader:240 - Cannot read IP mode file for STMicroelectronics.X-CUBE-MEMS1.11.3.0
2025-08-30 20:22:24,222 [WARN] PackLoader:240 - Cannot read IP mode file for STMicroelectronics.X-CUBE-PM33A1.1.0.0
2025-08-30 20:22:24,239 [WARN] PackLoader:240 - Cannot read IP mode file for STMicroelectronics.X-CUBE-AZRTOS-F4.1.1.0
2025-08-30 20:22:24,243 [ERROR] Engine:466 - /home/kailas/.stm32cubemx/thirdparties/pdsc/Avnet-IotConnect.X-CUBE-IoTC-DA16k-PMOD.1.0.0.pdsc: PDSC version is not supported
2025-08-30 20:22:24,245 [WARN] PackLoader:240 - Cannot read IP mode file for STMicroelectronics.X-CUBE-ISPU.2.1.0
2025-08-30 20:22:24,250 [WARN] PackLoader:240 - Cannot read IP mode file for STMicroelectronics.X-CUBE-NFC12.1.0.0
2025-08-30 20:22:24,279 [WARN] PackLoader:240 - Cannot read IP mode file for STMicroelectronics.X-CUBE-AZRTOS-L5.2.0.0
2025-08-30 20:22:24,297 [WARN] PackLoader:240 - Cannot read IP mode file for STMicroelectronics.X-CUBE-NFC6.3.1.0
2025-08-30 20:22:24,313 [WARN] PackLoader:240 - Cannot read IP mode file for STMicroelectronics.X-CUBE-FREERTOS.1.3.1
2025-08-30 20:22:24,319 [ERROR] Engine:466 - /home/kailas/.stm32cubemx/thirdparties/pdsc/STMicroelectronics.FP-SNS-STAIOTCFT.1.0.0.pdsc: PDSC version is not supported
2025-08-30 20:22:24,328 [WARN] PackLoader:240 - Cannot read IP mode file for STMicroelectronics.X-CUBE-DPower.1.3.0
2025-08-30 20:22:24,360 [WARN] ConditionMgr:438 - getConditionDescription Invalid condition id : LAN8742 Phy interface Condition cause : null
2025-08-30 20:22:24,361 [WARN] PackLoader:240 - Cannot read IP mode file for STMicroelectronics.X-CUBE-AZRTOS-L4.2.0.0
2025-08-30 20:22:24,362 [WARN] ConditionMgr:1039 - genDependencies : Invalid condition id : LAN8742 Phy interface Condition cause : null
2025-08-30 20:22:24,363 [WARN] ConditionMgr:1039 - genDependencies : Invalid condition id : LAN8742 Phy interface Condition cause : null
2025-08-30 20:22:24,363 [WARN] ConditionMgr:1039 - genDependencies : Invalid condition id : LAN8742 Phy interface Condition cause : null
2025-08-30 20:22:24,374 [WARN] PackLoader:240 - Cannot read IP mode file for STMicroelectronics.X-CUBE-SFXS2LP1.4.0.0
2025-08-30 20:22:24,400 [ERROR] Engine:466 - /home/kailas/.stm32cubemx/thirdparties/pdsc/STMicroelectronics.X-CUBE-BLEMGR.4.1.0.pdsc: PDSC version is not supported
2025-08-30 20:22:24,423 [WARN] ConditionMgr:438 - getConditionDescription Invalid condition id : UX DEVICE CLASS RTOS Condition cause : null
2025-08-30 20:22:24,423 [WARN] ConditionMgr:438 - getConditionDescription Invalid condition id : UX DEVICE CLASS RTOS Condition cause : null
2025-08-30 20:22:24,430 [WARN] PackLoader:240 - Cannot read IP mode file for STMicroelectronics.X-CUBE-AZRTOS-WB.2.0.0
2025-08-30 20:22:24,430 [WARN] ConditionMgr:1039 - genDependencies : Invalid condition id : UX DEVICE CLASS RTOS Condition cause : null
2025-08-30 20:22:24,430 [WARN] ConditionMgr:1039 - genDependencies : Invalid condition id : UX DEVICE CLASS RTOS Condition cause : null
2025-08-30 20:22:24,431 [WARN] ConditionMgr:1039 - genDependencies : Invalid condition id : UX DEVICE CLASS RTOS Condition cause : null
2025-08-30 20:22:24,432 [WARN] ConditionMgr:1039 - genDependencies : Invalid condition id : UX DEVICE CLASS RTOS Condition cause : null
2025-08-30 20:22:24,432 [WARN] ConditionMgr:1039 - genDependencies : Invalid condition id : UX DEVICE CLASS RTOS Condition cause : null
2025-08-30 20:22:24,443 [WARN] PackLoader:240 - Cannot read IP mode file for STMicroelectronics.X-CUBE-GNSS1.7.0.1
2025-08-30 20:22:24,450 [WARN] PackLoader:240 - Cannot read IP mode file for STMicroelectronics.X-CUBE-TOUCHGFX.4.25.0
2025-08-30 20:22:24,456 [WARN] ConditionMgr:438 - getConditionDescription Invalid condition id : Cortex-A Device cause : null
2025-08-30 20:22:24,485 [WARN] ConditionMgr:1039 - genDependencies : Invalid condition id : Cortex-A Device cause : null
2025-08-30 20:22:24,485 [WARN] ConditionMgr:1039 - genDependencies : Invalid condition id : Cortex-A Device cause : null
2025-08-30 20:22:24,485 [WARN] ConditionMgr:1039 - genDependencies : Invalid condition id : Cortex-A Device cause : null
2025-08-30 20:22:24,505 [WARN] PackLoader:240 - Cannot read IP mode file for STMicroelectronics.X-CUBE-SUBG2.5.0.0
2025-08-30 20:22:24,550 [WARN] PackLoader:240 - Cannot read IP mode file for STMicroelectronics.X-CUBE-AZRTOS-H7RS.1.1.0
2025-08-30 20:22:24,560 [WARN] PackLoader:240 - Cannot read IP mode file for Cesanta.I-CUBE-Mongoose.7.13.0
2025-08-30 20:22:24,586 [WARN] PackLoader:240 - Cannot read IP mode file for STMicroelectronics.X-CUBE-AZRTOS-G4.2.0.0
2025-08-30 20:22:24,597 [WARN] PackLoader:240 - Cannot read IP mode file for wolfSSL.I-CUBE-wolfSSH.1.4.20
2025-08-30 20:22:24,603 [WARN] PackLoader:240 - Cannot read IP mode file for STMicroelectronics.X-CUBE-NFC7.2.0.0
2025-08-30 20:22:24,616 [ERROR] Engine:466 - /home/kailas/.stm32cubemx/thirdparties/pdsc/STMicroelectronics.X-CUBE-IPS.3.1.0.pdsc: PDSC version is not supported
2025-08-30 20:22:24,622 [WARN] PackLoader:240 - Cannot read IP mode file for STMicroelectronics.X-CUBE-ALS.1.0.2
2025-08-30 20:22:24,645 [WARN] PackLoader:240 - Cannot read IP mode file for portGmbH.I-Cube-SoM-uGOAL.1.1.0
2025-08-30 20:22:24,656 [ERROR] Engine:466 - /home/kailas/.stm32cubemx/thirdparties/pdsc/STMicroelectronics.X-CUBE-TOF1.3.4.3.pdsc: PDSC version is not supported
2025-08-30 20:22:24,660 [INFO] ThirdParty:978 - Integrity check success = true
2025-08-30 20:22:24,660 [INFO] IntegrityCheckThread:100 - exiting critical section [integrity check]
2025-08-30 20:22:24,660 [INFO] IntegrityCheckThread:103 - End integrity checks thread
2025-08-30 20:22:46,198 [ERROR] LogOutputStream:75 - [STDERR_REDIRECT] Aug 30, 2025 8:22:46 PM java.util.prefs.FileSystemPreferences checkLockFile0ErrorCode
2025-08-30 20:22:46,199 [ERROR] LogOutputStream:75 - [STDERR_REDIRECT] WARNING: Could not lock System prefs. Unix error code 2.
2025-08-30 20:22:46,199 [ERROR] LogOutputStream:75 - [STDERR_REDIRECT] 
2025-08-30 20:22:46,200 [ERROR] LogOutputStream:75 - [STDERR_REDIRECT] Aug 30, 2025 8:22:46 PM java.util.prefs.FileSystemPreferences syncWorld
2025-08-30 20:22:46,202 [ERROR] LogOutputStream:75 - [STDERR_REDIRECT] WARNING: Couldn't flush system prefs: java.util.prefs.BackingStoreException: Couldn't get file lock.
2025-08-30 20:22:46,202 [ERROR] LogOutputStream:75 - [STDERR_REDIRECT] 
